{"level":"ERROR","time":"2023-12-17T16:36:47.614+0800","caller":"mysql/mysql.go:24","msg":"connect DB failed","error":"dial tcp: lookup tcp/%!d(string=root1234): nodename nor servname provided, or not known"}
{"level":"ERROR","time":"2023-12-17T16:38:06.103+0800","caller":"mysql/mysql.go:24","msg":"connect DB failed","error":"dial tcp: lookup tcp/%!d(string=root1234): nodename nor servname provided, or not known"}
{"level":"ERROR","time":"2023-12-17T16:38:50.280+0800","caller":"mysql/mysql.go:24","msg":"connect DB failed","error":"dial tcp: lookup tcp/%!d(string=root): nodename nor servname provided, or not known"}
{"level":"ERROR","time":"2023-12-17T16:39:58.201+0800","caller":"mysql/mysql.go:24","msg":"connect DB failed","error":"dial tcp: lookup tcp/%!d(string=123456): nodename nor servname provided, or not known"}
{"level":"ERROR","time":"2023-12-17T16:40:36.257+0800","caller":"mysql/mysql.go:24","msg":"connect DB failed","error":"dial tcp: lookup tcp/%!d(string=123456): nodename nor servname provided, or not known"}
{"level":"ERROR","time":"2023-12-17T16:41:20.578+0800","caller":"mysql/mysql.go:24","msg":"connect DB failed","error":"dial tcp: lookup tcp/%!d(string=123456): nodename nor servname provided, or not known"}
{"level":"ERROR","time":"2023-12-17T16:41:36.502+0800","caller":"mysql/mysql.go:24","msg":"connect DB failed","error":"dial tcp: lookup tcp/%!d(string=root): nodename nor servname provided, or not known"}
{"level":"ERROR","time":"2023-12-17T16:44:34.439+0800","caller":"mysql/mysql.go:24","msg":"connect DB failed","error":"dial tcp: lookup tcp/%!d(string=root): nodename nor servname provided, or not known"}
{"level":"ERROR","time":"2023-12-17T16:49:26.643+0800","caller":"mysql/mysql.go:24","msg":"connect DB failed","error":"dial tcp: lookup tcp/%!d(string=root): nodename nor servname provided, or not known"}
{"level":"ERROR","time":"2023-12-17T16:51:59.063+0800","caller":"mysql/mysql.go:24","msg":"connect DB failed","error":"Error 1049 (42000): Unknown database 'sql_test)'"}
{"level":"ERROR","time":"2023-12-17T16:54:16.638+0800","caller":"mysql/mysql.go:24","msg":"connect DB failed","error":"Error 1049 (42000): Unknown database 'sql_test)'"}
{"level":"INFO","time":"2023-12-17T16:56:27.741+0800","caller":"webapp2/main.go:66","msg":"Shutdown Server ..."}
{"level":"INFO","time":"2023-12-17T16:56:27.744+0800","caller":"webapp2/main.go:75","msg":"Server exiting"}
{"level":"ERROR","time":"2024-01-01T14:58:26.301+0800","caller":"mysql/mysql.go:24","msg":"connect DB failed","error":"dial tcp [::1]:3306: connect: connection refused"}
{"level":"ERROR","time":"2024-01-01T15:22:20.295+0800","caller":"mysql/mysql.go:24","msg":"connect DB failed","error":"dial tcp [::1]:3306: connect: connection refused"}
{"level":"ERROR","time":"2024-01-06T10:29:37.399+0800","caller":"mysql/mysql.go:24","msg":"connect DB failed","error":"dial tcp [::1]:3306: connect: connection refused"}
{"level":"INFO","time":"2024-01-06T11:42:43.621+0800","caller":"bluebell/main.go:79","msg":"Shutdown Server ..."}
{"level":"INFO","time":"2024-01-06T11:42:43.621+0800","caller":"bluebell/main.go:88","msg":"Server exiting"}
{"level":"INFO","time":"2024-01-06T11:43:27.036+0800","caller":"logger/logger.go:68","msg":"/","status":200,"method":"GET","path":"/","query":"","ip":"::1","user-agent":"Mozilla/5.0 (Macintosh; Intel Mac OS X 10_15_7) AppleWebKit/537.36 (KHTML, like Gecko) Chrome/120.0.0.0 Safari/537.36","errors":"","cost":0.000018895}
{"level":"INFO","time":"2024-01-06T11:43:27.037+0800","caller":"logger/logger.go:68","msg":"/","status":200,"method":"GET","path":"/","query":"","ip":"::1","user-agent":"Mozilla/5.0 (Macintosh; Intel Mac OS X 10_15_7) AppleWebKit/537.36 (KHTML, like Gecko) Chrome/120.0.0.0 Safari/537.36","errors":"","cost":0.000698661}
{"level":"INFO","time":"2024-01-06T11:43:27.575+0800","caller":"logger/logger.go:68","msg":"/favicon.ico","status":404,"method":"GET","path":"/favicon.ico","query":"","ip":"::1","user-agent":"Mozilla/5.0 (Macintosh; Intel Mac OS X 10_15_7) AppleWebKit/537.36 (KHTML, like Gecko) Chrome/120.0.0.0 Safari/537.36","errors":"","cost":0.000000271}
{"level":"INFO","time":"2024-01-06T11:43:27.575+0800","caller":"logger/logger.go:68","msg":"/favicon.ico","status":404,"method":"GET","path":"/favicon.ico","query":"","ip":"::1","user-agent":"Mozilla/5.0 (Macintosh; Intel Mac OS X 10_15_7) AppleWebKit/537.36 (KHTML, like Gecko) Chrome/120.0.0.0 Safari/537.36","errors":"","cost":0.000167489}
{"level":"INFO","time":"2024-01-06T12:19:36.078+0800","caller":"bluebell/main.go:79","msg":"Shutdown Server ..."}
{"level":"INFO","time":"2024-01-06T12:19:36.079+0800","caller":"bluebell/main.go:88","msg":"Server exiting"}
{"level":"INFO","time":"2024-01-06T17:49:45.400+0800","caller":"logger/logger.go:68","msg":"/signup ","status":404,"method":"POST","path":"/signup ","query":"","ip":"::1","user-agent":"PostmanRuntime/7.29.0","errors":"","cost":0.00000023}
{"level":"INFO","time":"2024-01-06T17:49:45.402+0800","caller":"logger/logger.go:68","msg":"/signup ","status":404,"method":"POST","path":"/signup ","query":"","ip":"::1","user-agent":"PostmanRuntime/7.29.0","errors":"","cost":0.002161643}
{"level":"INFO","time":"2024-01-06T17:50:00.575+0800","caller":"logger/logger.go:68","msg":"/","status":200,"method":"GET","path":"/","query":"","ip":"::1","user-agent":"Mozilla/5.0 (Macintosh; Intel Mac OS X 10_15_7) AppleWebKit/537.36 (KHTML, like Gecko) Chrome/120.0.0.0 Safari/537.36","errors":"","cost":0.000012533}
{"level":"INFO","time":"2024-01-06T17:50:00.576+0800","caller":"logger/logger.go:68","msg":"/","status":200,"method":"GET","path":"/","query":"","ip":"::1","user-agent":"Mozilla/5.0 (Macintosh; Intel Mac OS X 10_15_7) AppleWebKit/537.36 (KHTML, like Gecko) Chrome/120.0.0.0 Safari/537.36","errors":"","cost":0.001010552}
{"level":"INFO","time":"2024-01-06T17:50:08.187+0800","caller":"logger/logger.go:68","msg":"/signup","status":404,"method":"GET","path":"/signup","query":"","ip":"::1","user-agent":"Mozilla/5.0 (Macintosh; Intel Mac OS X 10_15_7) AppleWebKit/537.36 (KHTML, like Gecko) Chrome/120.0.0.0 Safari/537.36","errors":"","cost":0.000000249}
{"level":"INFO","time":"2024-01-06T17:50:08.203+0800","caller":"logger/logger.go:68","msg":"/signup","status":404,"method":"GET","path":"/signup","query":"","ip":"::1","user-agent":"Mozilla/5.0 (Macintosh; Intel Mac OS X 10_15_7) AppleWebKit/537.36 (KHTML, like Gecko) Chrome/120.0.0.0 Safari/537.36","errors":"","cost":0.016699888}
{"level":"ERROR","time":"2024-01-06T17:50:31.596+0800","caller":"controller/user.go:21","msg":"SignUp with invalid param","error":"Key: 'ParamSignUp.user_id' Error:Field validation for 'user_id' failed on the 'gte' tag\nKey: 'ParamSignUp.password' Error:Field validation for 'password' failed on the 'required' tag\nKey: 'ParamSignUp.re_password' Error:Field validation for 're_password' failed on the 'required' tag"}
{"level":"INFO","time":"2024-01-06T17:50:31.598+0800","caller":"logger/logger.go:68","msg":"/signup","status":200,"method":"POST","path":"/signup","query":"","ip":"::1","user-agent":"PostmanRuntime/7.29.0","errors":"","cost":0.001656006}
{"level":"INFO","time":"2024-01-06T17:50:31.598+0800","caller":"logger/logger.go:68","msg":"/signup","status":200,"method":"POST","path":"/signup","query":"","ip":"::1","user-agent":"PostmanRuntime/7.29.0","errors":"","cost":0.001699222}
{"level":"INFO","time":"2024-01-06T19:21:15.370+0800","caller":"bluebell/main.go:79","msg":"Shutdown Server ..."}
{"level":"INFO","time":"2024-01-06T19:21:15.371+0800","caller":"bluebell/main.go:88","msg":"Server exiting"}
{"level":"ERROR","time":"2024-01-07T09:20:08.690+0800","caller":"controller/user.go:21","msg":"SignUp with invalid param","error":"Key: 'ParamSignUp.user_id' Error:Field validation for 'user_id' failed on the 'gte' tag\nKey: 'ParamSignUp.password' Error:Field validation for 'password' failed on the 'required' tag\nKey: 'ParamSignUp.re_password' Error:Field validation for 're_password' failed on the 'required' tag"}
{"level":"INFO","time":"2024-01-07T09:20:08.703+0800","caller":"logger/logger.go:68","msg":"/signup","status":200,"method":"POST","path":"/signup","query":"username=sunsmile&password=sunsmile123&re_password=sunsmile123","ip":"::1","user-agent":"PostmanRuntime/7.29.0","errors":"","cost":0.014402367}
{"level":"INFO","time":"2024-01-07T09:20:08.704+0800","caller":"logger/logger.go:68","msg":"/signup","status":200,"method":"POST","path":"/signup","query":"username=sunsmile&password=sunsmile123&re_password=sunsmile123","ip":"::1","user-agent":"PostmanRuntime/7.29.0","errors":"","cost":0.014637607}
{"level":"ERROR","time":"2024-01-07T09:20:42.132+0800","caller":"controller/user.go:21","msg":"SignUp with invalid param","error":"Key: 'ParamSignUp.user_id' Error:Field validation for 'user_id' failed on the 'gte' tag\nKey: 'ParamSignUp.password' Error:Field validation for 'password' failed on the 'required' tag\nKey: 'ParamSignUp.re_password' Error:Field validation for 're_password' failed on the 'required' tag"}
{"level":"INFO","time":"2024-01-07T09:20:42.133+0800","caller":"logger/logger.go:68","msg":"/signup","status":200,"method":"POST","path":"/signup","query":"username=sunsmile&password=sunsmile123&re_password=sunsmile123","ip":"::1","user-agent":"PostmanRuntime/7.29.0","errors":"","cost":0.001105767}
{"level":"INFO","time":"2024-01-07T09:20:42.133+0800","caller":"logger/logger.go:68","msg":"/signup","status":200,"method":"POST","path":"/signup","query":"username=sunsmile&password=sunsmile123&re_password=sunsmile123","ip":"::1","user-agent":"PostmanRuntime/7.29.0","errors":"","cost":0.001172003}
{"level":"ERROR","time":"2024-01-07T09:22:21.385+0800","caller":"controller/user.go:21","msg":"SignUp with invalid param","error":"Key: 'ParamSignUp.user_id' Error:Field validation for 'user_id' failed on the 'gte' tag"}
{"level":"INFO","time":"2024-01-07T09:22:21.387+0800","caller":"logger/logger.go:68","msg":"/signup","status":200,"method":"POST","path":"/signup","query":"","ip":"::1","user-agent":"PostmanRuntime/7.29.0","errors":"","cost":0.002282372}
{"level":"INFO","time":"2024-01-07T09:22:21.387+0800","caller":"logger/logger.go:68","msg":"/signup","status":200,"method":"POST","path":"/signup","query":"","ip":"::1","user-agent":"PostmanRuntime/7.29.0","errors":"","cost":0.002491037}
{"level":"INFO","time":"2024-01-07T09:23:15.060+0800","caller":"bluebell/main.go:79","msg":"Shutdown Server ..."}
{"level":"INFO","time":"2024-01-07T09:23:15.062+0800","caller":"bluebell/main.go:88","msg":"Server exiting"}
{"level":"INFO","time":"2024-01-07T09:31:36.298+0800","caller":"bluebell/main.go:79","msg":"Shutdown Server ..."}
{"level":"INFO","time":"2024-01-07T09:31:36.301+0800","caller":"bluebell/main.go:88","msg":"Server exiting"}
{"level":"INFO","time":"2024-01-07T09:39:21.524+0800","caller":"bluebell/main.go:79","msg":"Shutdown Server ..."}
{"level":"INFO","time":"2024-01-07T09:39:21.526+0800","caller":"bluebell/main.go:88","msg":"Server exiting"}
{"level":"INFO","time":"2024-01-07T09:42:20.715+0800","caller":"bluebell/main.go:79","msg":"Shutdown Server ..."}
{"level":"INFO","time":"2024-01-07T09:42:20.717+0800","caller":"bluebell/main.go:88","msg":"Server exiting"}
{"level":"INFO","time":"2024-01-07T17:17:12.492+0800","caller":"logger/logger.go:68","msg":"/signup","status":200,"method":"POST","path":"/signup","query":"","ip":"::1","user-agent":"PostmanRuntime/7.29.0","errors":"","cost":0.033042042}
{"level":"INFO","time":"2024-01-07T17:17:12.493+0800","caller":"logger/logger.go:68","msg":"/signup","status":200,"method":"POST","path":"/signup","query":"","ip":"::1","user-agent":"PostmanRuntime/7.29.0","errors":"","cost":0.03429249}
{"level":"INFO","time":"2024-01-07T17:17:22.377+0800","caller":"logger/logger.go:68","msg":"/signup","status":200,"method":"POST","path":"/signup","query":"","ip":"::1","user-agent":"PostmanRuntime/7.29.0","errors":"","cost":0.003089709}
{"level":"INFO","time":"2024-01-07T17:17:22.378+0800","caller":"logger/logger.go:68","msg":"/signup","status":200,"method":"POST","path":"/signup","query":"","ip":"::1","user-agent":"PostmanRuntime/7.29.0","errors":"","cost":0.00357097}
{"level":"INFO","time":"2024-01-07T17:17:30.871+0800","caller":"logger/logger.go:68","msg":"/signup","status":200,"method":"POST","path":"/signup","query":"","ip":"::1","user-agent":"PostmanRuntime/7.29.0","errors":"","cost":0.002832262}
{"level":"INFO","time":"2024-01-07T17:17:30.872+0800","caller":"logger/logger.go:68","msg":"/signup","status":200,"method":"POST","path":"/signup","query":"","ip":"::1","user-agent":"PostmanRuntime/7.29.0","errors":"","cost":0.002955068}
{"level":"INFO","time":"2024-01-07T17:34:19.884+0800","caller":"bluebell/main.go:79","msg":"Shutdown Server ..."}
{"level":"INFO","time":"2024-01-07T17:34:19.884+0800","caller":"bluebell/main.go:88","msg":"Server exiting"}
{"level":"ERROR","time":"2024-01-07T17:34:21.233+0800","caller":"mysql/mysql.go:24","msg":"connect DB failed","error":"Error 1049 (42000): Unknown database 'bubble'"}
{"level":"INFO","time":"2024-01-07T17:35:33.238+0800","caller":"bluebell/main.go:79","msg":"Shutdown Server ..."}
{"level":"INFO","time":"2024-01-07T17:35:33.239+0800","caller":"bluebell/main.go:88","msg":"Server exiting"}
{"level":"ERROR","time":"2024-01-07T17:35:49.041+0800","caller":"mysql/mysql.go:24","msg":"connect DB failed","error":"Error 1049 (42000): Unknown database 'bubble'"}
{"level":"INFO","time":"2024-01-07T17:37:55.204+0800","caller":"bluebell/main.go:79","msg":"Shutdown Server ..."}
{"level":"INFO","time":"2024-01-07T17:37:55.204+0800","caller":"bluebell/main.go:88","msg":"Server exiting"}
{"level":"INFO","time":"2024-01-07T17:38:06.330+0800","caller":"logger/logger.go:68","msg":"/signup","status":200,"method":"POST","path":"/signup","query":"","ip":"::1","user-agent":"PostmanRuntime/7.29.0","errors":"","cost":0.026487728}
{"level":"INFO","time":"2024-01-07T17:38:06.331+0800","caller":"logger/logger.go:68","msg":"/signup","status":200,"method":"POST","path":"/signup","query":"","ip":"::1","user-agent":"PostmanRuntime/7.29.0","errors":"","cost":0.026783028}
{"level":"INFO","time":"2024-01-07T20:04:17.776+0800","caller":"bluebell/main.go:79","msg":"Shutdown Server ..."}
{"level":"INFO","time":"2024-01-07T20:04:17.777+0800","caller":"bluebell/main.go:88","msg":"Server exiting"}
{"level":"ERROR","time":"2024-03-06T15:00:10.242+0800","caller":"mysql/mysql.go:24","msg":"connect DB failed","error":"Error 1049 (42000): Unknown database 'bluebell'"}
{"level":"INFO","time":"2024-03-06T15:00:46.233+0800","caller":"logger/logger.go:79","msg":"/","status":200,"method":"GET","path":"/","query":"","ip":"::1","user-agent":"Mozilla/5.0 (Windows NT 10.0; Win64; x64) AppleWebKit/537.36 (KHTML, like Gecko) Chrome/122.0.0.0 Safari/537.36","errors":"","cost":0}
{"level":"INFO","time":"2024-03-06T15:00:46.926+0800","caller":"logger/logger.go:79","msg":"/favicon.ico","status":404,"method":"GET","path":"/favicon.ico","query":"","ip":"::1","user-agent":"Mozilla/5.0 (Windows NT 10.0; Win64; x64) AppleWebKit/537.36 (KHTML, like Gecko) Chrome/122.0.0.0 Safari/537.36","errors":"","cost":0}
{"level":"INFO","time":"2024-03-07T16:41:17.509+0800","caller":"logger/logger.go:79","msg":"/dadasdas","status":404,"method":"GET","path":"/dadasdas","query":"","ip":"::1","user-agent":"Mozilla/5.0 (Windows NT 10.0; Win64; x64) AppleWebKit/537.36 (KHTML, like Gecko) Chrome/122.0.0.0 Safari/537.36","errors":"","cost":0}
{"level":"INFO","time":"2024-03-07T16:41:18.027+0800","caller":"logger/logger.go:79","msg":"/favicon.ico","status":404,"method":"GET","path":"/favicon.ico","query":"","ip":"::1","user-agent":"Mozilla/5.0 (Windows NT 10.0; Win64; x64) AppleWebKit/537.36 (KHTML, like Gecko) Chrome/122.0.0.0 Safari/537.36","errors":"","cost":0}
{"level":"INFO","time":"2024-03-07T16:41:35.655+0800","caller":"logger/logger.go:79","msg":"/dadasdas","status":404,"method":"GET","path":"/dadasdas","query":"","ip":"::1","user-agent":"Mozilla/5.0 (Windows NT 10.0; Win64; x64) AppleWebKit/537.36 (KHTML, like Gecko) Chrome/122.0.0.0 Safari/537.36","errors":"","cost":0}
{"level":"ERROR","time":"2024-03-07T16:41:52.612+0800","caller":"mysql/mysql.go:24","msg":"connect DB failed","error":"Error 1049 (42000): Unknown database 'bluebell'"}
{"level":"INFO","time":"2024-03-07T16:42:02.674+0800","caller":"logger/logger.go:79","msg":"/dadasdas","status":200,"method":"GET","path":"/dadasdas","query":"","ip":"::1","user-agent":"Mozilla/5.0 (Windows NT 10.0; Win64; x64) AppleWebKit/537.36 (KHTML, like Gecko) Chrome/122.0.0.0 Safari/537.36","errors":"","cost":0}
{"level":"ERROR","time":"2024-03-07T16:44:51.425+0800","caller":"mysql/mysql.go:24","msg":"connect DB failed","error":"Error 1049 (42000): Unknown database 'bluebell'"}
{"level":"INFO","time":"2024-03-07T16:45:09.868+0800","caller":"logger/logger.go:79","msg":"/api/v1/community","status":200,"method":"GET","path":"/api/v1/community","query":"","ip":"::1","user-agent":"Mozilla/5.0 (Windows NT 10.0; Win64; x64) AppleWebKit/537.36 (KHTML, like Gecko) Chrome/122.0.0.0 Safari/537.36","errors":"","cost":0.0003579}
{"level":"ERROR","time":"2024-03-07T17:21:52.451+0800","caller":"controller/user.go:22","msg":"SignUp with invalid param","error":"EOF"}
{"level":"INFO","time":"2024-03-07T17:21:52.451+0800","caller":"logger/logger.go:79","msg":"/api/v1/signup","status":200,"method":"POST","path":"/api/v1/signup","query":"","ip":"::1","user-agent":"PostmanRuntime/7.32.1","errors":"","cost":0}
{"level":"INFO","time":"2024-03-07T17:40:38.044+0800","caller":"logger/logger.go:79","msg":"/api/v1/community","status":200,"method":"GET","path":"/api/v1/community","query":"","ip":"::1","user-agent":"Mozilla/5.0 (Windows NT 10.0; Win64; x64) AppleWebKit/537.36 (KHTML, like Gecko) Chrome/122.0.0.0 Safari/537.36","errors":"","cost":0.0001669}
{"level":"INFO","time":"2024-03-07T17:40:52.666+0800","caller":"logger/logger.go:79","msg":"/api/v1/signUp","status":200,"method":"GET","path":"/api/v1/signUp","query":"","ip":"::1","user-agent":"Mozilla/5.0 (Windows NT 10.0; Win64; x64) AppleWebKit/537.36 (KHTML, like Gecko) Chrome/122.0.0.0 Safari/537.36","errors":"","cost":0}
{"level":"INFO","time":"2024-03-07T17:41:07.460+0800","caller":"logger/logger.go:79","msg":"/api/v1/signUp","status":200,"method":"GET","path":"/api/v1/signUp","query":"","ip":"::1","user-agent":"Mozilla/5.0 (Windows NT 10.0; Win64; x64) AppleWebKit/537.36 (KHTML, like Gecko) Chrome/122.0.0.0 Safari/537.36","errors":"","cost":0}
{"level":"ERROR","time":"2024-03-07T17:47:49.671+0800","caller":"mysql/mysql.go:24","msg":"connect DB failed","error":"Error 1049 (42000): Unknown database 'bluebell'"}
{"level":"ERROR","time":"2024-03-07T17:48:01.158+0800","caller":"controller/user.go:22","msg":"SignUp with invalid param","error":"EOF"}
{"level":"INFO","time":"2024-03-07T17:48:01.158+0800","caller":"logger/logger.go:79","msg":"/api/v1/signup","status":200,"method":"POST","path":"/api/v1/signup","query":"","ip":"::1","user-agent":"PostmanRuntime/7.32.1","errors":"","cost":0}
{"level":"ERROR","time":"2024-03-07T17:54:48.808+0800","caller":"logger/logger.go:121","msg":"[Recovery from panic]","error":"runtime error: invalid memory address or nil pointer dereference","request":"POST /api/v1/signup HTTP/1.1\r\nHost: localhost:8081\r\nAccept: */*\r\nAccept-Encoding: gzip, deflate, br\r\nCache-Control: no-cache\r\nConnection: keep-alive\r\nContent-Length: 93\r\nContent-Type: application/json\r\nPostman-Token: 625de313-fc1c-4767-b8d4-2ff04568b589\r\nUser-Agent: PostmanRuntime/7.32.1\r\n\r\n","stack":"goroutine 39 [running]:\nruntime/debug.Stack()\n\tC:/Program Files/Go/src/runtime/debug/stack.go:24 +0x65\nbluebell/logger.GinRecovery.func1.1()\n\te:/sunsmile-go/go_basic/bluebell/logger/logger.go:124 +0x2da\npanic({0x148d9a0, 0x1922cc0})\n\tC:/Program Files/Go/src/runtime/panic.go:884 +0x213\ngithub.com/jmoiron/sqlx.(*DB).QueryRowx(0x0, {0x1547d90?, 0xf7b107?}, {0xc0000514a0?, 0x1469d80?, 0x14d1d01?})\n\tC:/Users/shuser/go/pkg/mod/github.com/jmoiron/sqlx@v1.3.5/sqlx.go:359 +0x2a\ngithub.com/jmoiron/sqlx.Get({0x1600570?, 0x0?}, {0x145a5c0, 0xc0000243a8}, {0x1547d90?, 0xc00040a000?}, {0xc0000514a0?, 0x1453300?, 0xc000416900?})\n\tC:/Users/shuser/go/pkg/mod/github.com/jmoiron/sqlx@v1.3.5/sqlx.go:689 +0x4a\ngithub.com/jmoiron/sqlx.(*DB).Get(...)\n\tC:/Users/shuser/go/pkg/mod/github.com/jmoiron/sqlx@v1.3.5/sqlx.go:324\nbluebell/dao/mysql.CheckUserExist({0xc000024348, 0x8})\n\te:/sunsmile-go/go_basic/bluebell/dao/mysql/user.go:24 +0xb9\nbluebell/logic.SignUp(0xc000416900)\n\te:/sunsmile-go/go_basic/bluebell/logic/user.go:12 +0x3e\nbluebell/controller.SignUpHandle(0xc0001de200)\n\te:/sunsmile-go/go_basic/bluebell/controller/user.go:51 +0x2c5\ngithub.com/gin-gonic/gin.(*Context).Next(...)\n\tC:/Users/shuser/go/pkg/mod/github.com/gin-gonic/gin@v1.9.1/context.go:174\nbluebell/logger.GinRecovery.func1(0xc0001de200)\n\te:/sunsmile-go/go_basic/bluebell/logger/logger.go:135 +0x76\ngithub.com/gin-gonic/gin.(*Context).Next(...)\n\tC:/Users/shuser/go/pkg/mod/github.com/gin-gonic/gin@v1.9.1/context.go:174\nbluebell/logger.GinLogger.func1(0xc0001de200)\n\te:/sunsmile-go/go_basic/bluebell/logger/logger.go:76 +0x9d\ngithub.com/gin-gonic/gin.(*Context).Next(...)\n\tC:/Users/shuser/go/pkg/mod/github.com/gin-gonic/gin@v1.9.1/context.go:174\ngithub.com/gin-gonic/gin.(*Engine).handleHTTPRequest(0xc000084680, 0xc0001de200)\n\tC:/Users/shuser/go/pkg/mod/github.com/gin-gonic/gin@v1.9.1/gin.go:620 +0x66b\ngithub.com/gin-gonic/gin.(*Engine).ServeHTTP(0xc000084680, {0x16007b0?, 0xc00051a1c0}, 0xc0001de000)\n\tC:/Users/shuser/go/pkg/mod/github.com/gin-gonic/gin@v1.9.1/gin.go:576 +0x1dd\nnet/http.serverHandler.ServeHTTP({0x15ff608?}, {0x16007b0, 0xc00051a1c0}, 0xc0001de000)\n\tC:/Program Files/Go/src/net/http/server.go:2936 +0x316\nnet/http.(*conn).serve(0xc0001722d0, {0x1600dd8, 0xc0003d4cf0})\n\tC:/Program Files/Go/src/net/http/server.go:1995 +0x612\ncreated by net/http.(*Server).Serve\n\tC:/Program Files/Go/src/net/http/server.go:3089 +0x5ed\n"}
{"level":"INFO","time":"2024-03-07T17:54:48.809+0800","caller":"logger/logger.go:79","msg":"/api/v1/signup","status":500,"method":"POST","path":"/api/v1/signup","query":"","ip":"::1","user-agent":"PostmanRuntime/7.32.1","errors":"","cost":0}
{"level":"ERROR","time":"2024-03-08T09:01:16.912+0800","caller":"mysql/mysql.go:24","msg":"connect DB failed","error":"Error 1049 (42000): Unknown database 'bluebell'"}
{"level":"ERROR","time":"2024-03-08T09:25:12.647+0800","caller":"logger/logger.go:121","msg":"[Recovery from panic]","error":"runtime error: invalid memory address or nil pointer dereference","request":"POST /api/v1/signup HTTP/1.1\r\nHost: localhost:8081\r\nAccept: */*\r\nAccept-Encoding: gzip, deflate, br\r\nCache-Control: no-cache\r\nConnection: keep-alive\r\nContent-Length: 93\r\nContent-Type: application/json\r\nPostman-Token: b84fbb7e-014d-4814-afe5-6f36685c625f\r\nUser-Agent: PostmanRuntime/7.32.1\r\n\r\n","stack":"goroutine 10 [running]:\nruntime/debug.Stack()\n\tC:/Program Files/Go/src/runtime/debug/stack.go:24 +0x7a\nbluebell/logger.GinRecovery.func1.1()\n\tE:/sunsmile-go/go_basic/bluebell/logger/logger.go:124 +0x79a\npanic({0xa0fc20, 0xe27560})\n\tC:/Program Files/Go/src/runtime/panic.go:890 +0x262\ngithub.com/jmoiron/sqlx.(*DB).QueryRowx(0x0, {0xace896, 0x32}, {0xc0005061b0, 0x1, 0x1})\n\tC:/Users/shuser/go/pkg/mod/github.com/jmoiron/sqlx@v1.3.5/sqlx.go:359 +0x76\ngithub.com/jmoiron/sqlx.Get({0xb30b30, 0x0}, {0x9dc100, 0xc0003fc5c8}, {0xace896, 0x32}, {0xc0005061b0, 0x1, 0x1})\n\tC:/Users/shuser/go/pkg/mod/github.com/jmoiron/sqlx@v1.3.5/sqlx.go:689 +0x97\ngithub.com/jmoiron/sqlx.(*DB).Get(0x0, {0x9dc100, 0xc0003fc5c8}, {0xace896, 0x32}, {0xc0005061b0, 0x1, 0x1})\n\tC:/Users/shuser/go/pkg/mod/github.com/jmoiron/sqlx@v1.3.5/sqlx.go:324 +0xa5\nbluebell/dao/mysql.CheckUserExist({0xc0003fc4a8, 0x8})\n\tE:/sunsmile-go/go_basic/bluebell/dao/mysql/user.go:24 +0x12f\nbluebell/logic.SignUp(0xc000528140)\n\tE:/sunsmile-go/go_basic/bluebell/logic/user.go:12 +0x55\nbluebell/controller.SignUpHandle(0xc0004be000)\n\tE:/sunsmile-go/go_basic/bluebell/controller/user.go:51 +0x345\ngithub.com/gin-gonic/gin.(*Context).Next(0xc0004be000)\n\tC:/Users/shuser/go/pkg/mod/github.com/gin-gonic/gin@v1.9.1/context.go:174 +0x7d\nbluebell/logger.GinRecovery.func1(0xc0004be000)\n\tE:/sunsmile-go/go_basic/bluebell/logger/logger.go:135 +0x8c\ngithub.com/gin-gonic/gin.(*Context).Next(0xc0004be000)\n\tC:/Users/shuser/go/pkg/mod/github.com/gin-gonic/gin@v1.9.1/context.go:174 +0x7d\nbluebell/logger.GinLogger.func1(0xc0004be000)\n\tE:/sunsmile-go/go_basic/bluebell/logger/logger.go:76 +0xab\ngithub.com/gin-gonic/gin.(*Context).Next(0xc0004be000)\n\tC:/Users/shuser/go/pkg/mod/github.com/gin-gonic/gin@v1.9.1/context.go:174 +0x7d\ngithub.com/gin-gonic/gin.(*Engine).handleHTTPRequest(0xc000517380, 0xc0004be000)\n\tC:/Users/shuser/go/pkg/mod/github.com/gin-gonic/gin@v1.9.1/gin.go:620 +0x434\ngithub.com/gin-gonic/gin.(*Engine).ServeHTTP(0xc000517380, {0xb30d70, 0xc00017a2a0}, 0xc0001ba200)\n\tC:/Users/shuser/go/pkg/mod/github.com/gin-gonic/gin@v1.9.1/gin.go:576 +0xc5\nnet/http.serverHandler.ServeHTTP({0xc0000cc000}, {0xb30d70, 0xc00017a2a0}, 0xc0001ba200)\n\tC:/Program Files/Go/src/net/http/server.go:2936 +0x494\nnet/http.(*conn).serve(0xc0001761b0, {0xb31348, 0xc0003f0050})\n\tC:/Program Files/Go/src/net/http/server.go:1995 +0x19b5\ncreated by net/http.(*Server).Serve\n\tC:/Program Files/Go/src/net/http/server.go:3089 +0xa16\n"}
{"level":"INFO","time":"2024-03-08T09:28:56.190+0800","caller":"logger/logger.go:79","msg":"/api/v1/signup","status":500,"method":"POST","path":"/api/v1/signup","query":"","ip":"::1","user-agent":"PostmanRuntime/7.32.1","errors":"","cost":279.1300611}
{"level":"ERROR","time":"2024-03-08T09:39:38.664+0800","caller":"logger/logger.go:121","msg":"[Recovery from panic]","error":"runtime error: invalid memory address or nil pointer dereference","request":"POST /api/v1/signup HTTP/1.1\r\nHost: localhost:8081\r\nAccept: */*\r\nAccept-Encoding: gzip, deflate, br\r\nCache-Control: no-cache\r\nConnection: keep-alive\r\nContent-Length: 93\r\nContent-Type: application/json\r\nPostman-Token: c53495a1-4100-45dc-bf75-365bdf992b7f\r\nUser-Agent: PostmanRuntime/7.32.1\r\n\r\n","stack":"goroutine 12 [running]:\nruntime/debug.Stack()\n\tC:/Program Files/Go/src/runtime/debug/stack.go:24 +0x7a\nbluebell/logger.GinRecovery.func1.1()\n\tE:/sunsmile-go/go_basic/bluebell/logger/logger.go:124 +0x79a\npanic({0xa0fc20, 0xe27560})\n\tC:/Program Files/Go/src/runtime/panic.go:890 +0x262\ngithub.com/jmoiron/sqlx.(*DB).QueryRowx(0x0, {0xace896, 0x32}, {0xc000506090, 0x1, 0x1})\n\tC:/Users/shuser/go/pkg/mod/github.com/jmoiron/sqlx@v1.3.5/sqlx.go:359 +0x76\ngithub.com/jmoiron/sqlx.Get({0xb30b30, 0x0}, {0x9dc100, 0xc0003fc500}, {0xace896, 0x32}, {0xc000506090, 0x1, 0x1})\n\tC:/Users/shuser/go/pkg/mod/github.com/jmoiron/sqlx@v1.3.5/sqlx.go:689 +0x97\ngithub.com/jmoiron/sqlx.(*DB).Get(0x0, {0x9dc100, 0xc0003fc500}, {0xace896, 0x32}, {0xc000506090, 0x1, 0x1})\n\tC:/Users/shuser/go/pkg/mod/github.com/jmoiron/sqlx@v1.3.5/sqlx.go:324 +0xa5\nbluebell/dao/mysql.CheckUserExist({0xc0003fc430, 0x8})\n\tE:/sunsmile-go/go_basic/bluebell/dao/mysql/user.go:24 +0x12f\nbluebell/logic.SignUp(0xc000528300)\n\tE:/sunsmile-go/go_basic/bluebell/logic/user.go:12 +0x55\nbluebell/controller.SignUpHandle(0xc0001ba200)\n\tE:/sunsmile-go/go_basic/bluebell/controller/user.go:51 +0x345\ngithub.com/gin-gonic/gin.(*Context).Next(0xc0001ba200)\n\tC:/Users/shuser/go/pkg/mod/github.com/gin-gonic/gin@v1.9.1/context.go:174 +0x7d\nbluebell/logger.GinRecovery.func1(0xc0001ba200)\n\tE:/sunsmile-go/go_basic/bluebell/logger/logger.go:135 +0x8c\ngithub.com/gin-gonic/gin.(*Context).Next(0xc0001ba200)\n\tC:/Users/shuser/go/pkg/mod/github.com/gin-gonic/gin@v1.9.1/context.go:174 +0x7d\nbluebell/logger.GinLogger.func1(0xc0001ba200)\n\tE:/sunsmile-go/go_basic/bluebell/logger/logger.go:76 +0xab\ngithub.com/gin-gonic/gin.(*Context).Next(0xc0001ba200)\n\tC:/Users/shuser/go/pkg/mod/github.com/gin-gonic/gin@v1.9.1/context.go:174 +0x7d\ngithub.com/gin-gonic/gin.(*Engine).handleHTTPRequest(0xc000517380, 0xc0001ba200)\n\tC:/Users/shuser/go/pkg/mod/github.com/gin-gonic/gin@v1.9.1/gin.go:620 +0x434\ngithub.com/gin-gonic/gin.(*Engine).ServeHTTP(0xc000517380, {0xb30d70, 0xc00017a2a0}, 0xc00008c000)\n\tC:/Users/shuser/go/pkg/mod/github.com/gin-gonic/gin@v1.9.1/gin.go:576 +0xc5\nnet/http.serverHandler.ServeHTTP({0xc0000cc000}, {0xb30d70, 0xc00017a2a0}, 0xc00008c000)\n\tC:/Program Files/Go/src/net/http/server.go:2936 +0x494\nnet/http.(*conn).serve(0xc0000a4120, {0xb31348, 0xc000534050})\n\tC:/Program Files/Go/src/net/http/server.go:1995 +0x19b5\ncreated by net/http.(*Server).Serve\n\tC:/Program Files/Go/src/net/http/server.go:3089 +0xa16\n"}
{"level":"INFO","time":"2024-03-08T09:39:38.664+0800","caller":"logger/logger.go:79","msg":"/api/v1/signup","status":500,"method":"POST","path":"/api/v1/signup","query":"","ip":"::1","user-agent":"PostmanRuntime/7.32.1","errors":"","cost":3.5668833}
{"level":"INFO","time":"2024-03-08T09:56:12.775+0800","caller":"logger/logger.go:79","msg":"/api/v1/signup","status":200,"method":"POST","path":"/api/v1/signup","query":"","ip":"::1","user-agent":"PostmanRuntime/7.32.1","errors":"","cost":82.5127014}
{"level":"ERROR","time":"2024-03-08T10:00:33.212+0800","caller":"controller/user.go:84","msg":"logic.Login failed","username":"sunsmile","error":"key is of invalid type"}
{"level":"INFO","time":"2024-03-08T10:00:33.228+0800","caller":"logger/logger.go:79","msg":"/api/v1/login","status":200,"method":"POST","path":"/api/v1/login","query":"","ip":"::1","user-agent":"PostmanRuntime/7.32.1","errors":"","cost":0.0178881}
{"level":"ERROR","time":"2024-03-08T10:37:08.798+0800","caller":"controller/user.go:84","msg":"logic.Login failed","username":"sunsmile","error":"key is of invalid type"}
{"level":"INFO","time":"2024-03-08T10:37:08.815+0800","caller":"logger/logger.go:79","msg":"/api/v1/login","status":200,"method":"POST","path":"/api/v1/login","query":"","ip":"::1","user-agent":"PostmanRuntime/7.32.1","errors":"","cost":2.6881273}
{"level":"INFO","time":"2024-03-08T10:39:30.579+0800","caller":"logger/logger.go:79","msg":"/api/v1/login","status":200,"method":"POST","path":"/api/v1/login","query":"","ip":"::1","user-agent":"PostmanRuntime/7.32.1","errors":"","cost":3.1142603}
{"level":"ERROR","time":"2024-03-08T11:18:34.420+0800","caller":"controller/user.go:52","msg":"logic.SignUp failed","error":"用户已存在"}
{"level":"INFO","time":"2024-03-08T11:18:34.553+0800","caller":"logger/logger.go:79","msg":"/api/v1/signup","status":200,"method":"POST","path":"/api/v1/signup","query":"","ip":"::1","user-agent":"PostmanRuntime/7.32.1","errors":"","cost":10.0807994}
{"level":"INFO","time":"2024-03-08T15:50:32.892+0800","caller":"bluebell/main.go:79","msg":"Shutdown Server ..."}
